<?xml version="1.0" encoding="UTF-8"?>
<testsuite xmlns:xsi="http://www.w3.org/2001/XMLSchema-instance" xsi:noNamespaceSchemaLocation="https://maven.apache.org/surefire/maven-surefire-plugin/xsd/surefire-test-report-3.0.xsd" version="3.0" name="org.acme.GreetingResourceTest" time="2.844" tests="1" errors="0" skipped="0" failures="0">
  <properties>
[...]
</properties>
  <testcase name="testHelloEndpoint" classname="org.acme.GreetingResourceTest" time="0.975">
    <system-out><![CDATA[2022-06-25 17:43:50,948 INFO  [org.jbo.threads] (main) JBoss Threads version 3.4.2.Final
2022-06-25 17:43:51,937 INFO  [io.quarkus] (main) restGen 1.0.0-SNAPSHOT on JVM (powered by Quarkus 2.10.0.Final) started in 1.380s. Listening on: http://localhost:8081
2022-06-25 17:43:51,937 INFO  [io.quarkus] (main) Profile test activated. 
2022-06-25 17:43:51,937 INFO  [io.quarkus] (main) Installed features: [cdi, resteasy-reactive, smallrye-context-propagation, vertx]
]]></system-out>
  </testcase>
</testsuite>